[26-Oct-2020 12:07:40 Europe/Ljubljana] PHP Warning:  Cannot modify header information - headers already sent by (output started at /home/atlet/www/moodle.piltek.com/lib/phpexcel/PHPExcel/Writer/Excel2007.php:394) in /home/atlet/www/moodle.piltek.com/lib/excellib.class.php on line 114
[26-Oct-2020 12:07:40 Europe/Ljubljana] PHP Warning:  Cannot modify header information - headers already sent by (output started at /home/atlet/www/moodle.piltek.com/lib/phpexcel/PHPExcel/Writer/Excel2007.php:394) in /home/atlet/www/moodle.piltek.com/lib/excellib.class.php on line 115
[26-Oct-2020 12:07:40 Europe/Ljubljana] PHP Warning:  Cannot modify header information - headers already sent by (output started at /home/atlet/www/moodle.piltek.com/lib/phpexcel/PHPExcel/Writer/Excel2007.php:394) in /home/atlet/www/moodle.piltek.com/lib/excellib.class.php on line 116
[26-Oct-2020 12:07:40 Europe/Ljubljana] PHP Warning:  Cannot modify header information - headers already sent by (output started at /home/atlet/www/moodle.piltek.com/lib/phpexcel/PHPExcel/Writer/Excel2007.php:394) in /home/atlet/www/moodle.piltek.com/lib/excellib.class.php on line 125
[26-Oct-2020 12:07:40 Europe/Ljubljana] PHP Warning:  Cannot modify header information - headers already sent by (output started at /home/atlet/www/moodle.piltek.com/lib/phpexcel/PHPExcel/Writer/Excel2007.php:394) in /home/atlet/www/moodle.piltek.com/lib/excellib.class.php on line 126
[26-Oct-2020 13:13:44 Europe/Berlin] PHP Parse error:  syntax error, unexpected '$col' (T_VARIABLE) in /home/atlet/www/moodle.piltek.com/mod/booking/reports.php on line 100
[26-Oct-2020 13:13:48 Europe/Berlin] PHP Parse error:  syntax error, unexpected '$col' (T_VARIABLE) in /home/atlet/www/moodle.piltek.com/mod/booking/reports.php on line 100
[26-Oct-2020 13:13:57 Europe/Berlin] PHP Parse error:  syntax error, unexpected '$col' (T_VARIABLE) in /home/atlet/www/moodle.piltek.com/mod/booking/reports.php on line 100
[26-Oct-2020 13:16:39 Europe/Ljubljana] PHP Warning:  Cannot modify header information - headers already sent by (output started at /home/atlet/www/moodle.piltek.com/lib/phpexcel/PHPExcel/Writer/Excel2007.php:394) in /home/atlet/www/moodle.piltek.com/lib/excellib.class.php on line 114
[26-Oct-2020 13:16:39 Europe/Ljubljana] PHP Warning:  Cannot modify header information - headers already sent by (output started at /home/atlet/www/moodle.piltek.com/lib/phpexcel/PHPExcel/Writer/Excel2007.php:394) in /home/atlet/www/moodle.piltek.com/lib/excellib.class.php on line 115
[26-Oct-2020 13:16:39 Europe/Ljubljana] PHP Warning:  Cannot modify header information - headers already sent by (output started at /home/atlet/www/moodle.piltek.com/lib/phpexcel/PHPExcel/Writer/Excel2007.php:394) in /home/atlet/www/moodle.piltek.com/lib/excellib.class.php on line 116
[26-Oct-2020 13:16:39 Europe/Ljubljana] PHP Warning:  Cannot modify header information - headers already sent by (output started at /home/atlet/www/moodle.piltek.com/lib/phpexcel/PHPExcel/Writer/Excel2007.php:394) in /home/atlet/www/moodle.piltek.com/lib/excellib.class.php on line 125
[26-Oct-2020 13:16:39 Europe/Ljubljana] PHP Warning:  Cannot modify header information - headers already sent by (output started at /home/atlet/www/moodle.piltek.com/lib/phpexcel/PHPExcel/Writer/Excel2007.php:394) in /home/atlet/www/moodle.piltek.com/lib/excellib.class.php on line 126
[26-Oct-2020 13:19:39 Europe/Ljubljana] PHP Warning:  Cannot modify header information - headers already sent by (output started at /home/atlet/www/moodle.piltek.com/lib/phpexcel/PHPExcel/Writer/Excel2007.php:394) in /home/atlet/www/moodle.piltek.com/lib/excellib.class.php on line 114
[26-Oct-2020 13:19:39 Europe/Ljubljana] PHP Warning:  Cannot modify header information - headers already sent by (output started at /home/atlet/www/moodle.piltek.com/lib/phpexcel/PHPExcel/Writer/Excel2007.php:394) in /home/atlet/www/moodle.piltek.com/lib/excellib.class.php on line 115
[26-Oct-2020 13:19:39 Europe/Ljubljana] PHP Warning:  Cannot modify header information - headers already sent by (output started at /home/atlet/www/moodle.piltek.com/lib/phpexcel/PHPExcel/Writer/Excel2007.php:394) in /home/atlet/www/moodle.piltek.com/lib/excellib.class.php on line 116
[26-Oct-2020 13:19:39 Europe/Ljubljana] PHP Warning:  Cannot modify header information - headers already sent by (output started at /home/atlet/www/moodle.piltek.com/lib/phpexcel/PHPExcel/Writer/Excel2007.php:394) in /home/atlet/www/moodle.piltek.com/lib/excellib.class.php on line 125
[26-Oct-2020 13:19:39 Europe/Ljubljana] PHP Warning:  Cannot modify header information - headers already sent by (output started at /home/atlet/www/moodle.piltek.com/lib/phpexcel/PHPExcel/Writer/Excel2007.php:394) in /home/atlet/www/moodle.piltek.com/lib/excellib.class.php on line 126
[26-Oct-2020 17:20:07 Europe/Ljubljana] PHP Warning:  Cannot modify header information - headers already sent by (output started at /home/atlet/www/moodle.piltek.com/lib/phpexcel/PHPExcel/Writer/Excel2007.php:394) in /home/atlet/www/moodle.piltek.com/lib/excellib.class.php on line 114
[26-Oct-2020 17:20:07 Europe/Ljubljana] PHP Warning:  Cannot modify header information - headers already sent by (output started at /home/atlet/www/moodle.piltek.com/lib/phpexcel/PHPExcel/Writer/Excel2007.php:394) in /home/atlet/www/moodle.piltek.com/lib/excellib.class.php on line 115
[26-Oct-2020 17:20:07 Europe/Ljubljana] PHP Warning:  Cannot modify header information - headers already sent by (output started at /home/atlet/www/moodle.piltek.com/lib/phpexcel/PHPExcel/Writer/Excel2007.php:394) in /home/atlet/www/moodle.piltek.com/lib/excellib.class.php on line 116
[26-Oct-2020 17:20:07 Europe/Ljubljana] PHP Warning:  Cannot modify header information - headers already sent by (output started at /home/atlet/www/moodle.piltek.com/lib/phpexcel/PHPExcel/Writer/Excel2007.php:394) in /home/atlet/www/moodle.piltek.com/lib/excellib.class.php on line 125
[26-Oct-2020 17:20:07 Europe/Ljubljana] PHP Warning:  Cannot modify header information - headers already sent by (output started at /home/atlet/www/moodle.piltek.com/lib/phpexcel/PHPExcel/Writer/Excel2007.php:394) in /home/atlet/www/moodle.piltek.com/lib/excellib.class.php on line 126
[27-Oct-2020 13:34:42 Europe/Ljubljana] Default exception handler: Exception - Class 'mod_booking\reports' not found Debug: 
Error code: generalexceptionmessage
* line 58 of /mod/booking/reports.php: Error thrown

[27-Oct-2020 13:35:13 Europe/Ljubljana] PHP Notice:  Undefined variable: type in /home/atlet/www/moodle.piltek.com/mod/booking/classes/reports.php on line 33
[27-Oct-2020 13:35:30 Europe/Ljubljana] Default exception handler: Exception - Class 'mod_booking\MoodleExcelWorkbook' not found Debug: 
Error code: generalexceptionmessage
* line 69 of /mod/booking/classes/reports.php: Error thrown
* line 45 of /mod/booking/classes/reports.php: call to mod_booking\reports->teachersreport()
* line 59 of /mod/booking/reports.php: call to mod_booking\reports->getreport()

[27-Oct-2020 13:35:59 Europe/Ljubljana] PHP Warning:  Cannot modify header information - headers already sent by (output started at /home/atlet/www/moodle.piltek.com/lib/phpexcel/PHPExcel/Writer/Excel2007.php:394) in /home/atlet/www/moodle.piltek.com/lib/excellib.class.php on line 114
[27-Oct-2020 13:35:59 Europe/Ljubljana] PHP Warning:  Cannot modify header information - headers already sent by (output started at /home/atlet/www/moodle.piltek.com/lib/phpexcel/PHPExcel/Writer/Excel2007.php:394) in /home/atlet/www/moodle.piltek.com/lib/excellib.class.php on line 115
[27-Oct-2020 13:35:59 Europe/Ljubljana] PHP Warning:  Cannot modify header information - headers already sent by (output started at /home/atlet/www/moodle.piltek.com/lib/phpexcel/PHPExcel/Writer/Excel2007.php:394) in /home/atlet/www/moodle.piltek.com/lib/excellib.class.php on line 116
[27-Oct-2020 13:35:59 Europe/Ljubljana] PHP Warning:  Cannot modify header information - headers already sent by (output started at /home/atlet/www/moodle.piltek.com/lib/phpexcel/PHPExcel/Writer/Excel2007.php:394) in /home/atlet/www/moodle.piltek.com/lib/excellib.class.php on line 125
[27-Oct-2020 13:35:59 Europe/Ljubljana] PHP Warning:  Cannot modify header information - headers already sent by (output started at /home/atlet/www/moodle.piltek.com/lib/phpexcel/PHPExcel/Writer/Excel2007.php:394) in /home/atlet/www/moodle.piltek.com/lib/excellib.class.php on line 126
[27-Oct-2020 13:36:09 Europe/Ljubljana] PHP Warning:  Cannot modify header information - headers already sent by (output started at /home/atlet/www/moodle.piltek.com/lib/phpexcel/PHPExcel/Writer/Excel2007.php:394) in /home/atlet/www/moodle.piltek.com/lib/excellib.class.php on line 114
[27-Oct-2020 13:36:09 Europe/Ljubljana] PHP Warning:  Cannot modify header information - headers already sent by (output started at /home/atlet/www/moodle.piltek.com/lib/phpexcel/PHPExcel/Writer/Excel2007.php:394) in /home/atlet/www/moodle.piltek.com/lib/excellib.class.php on line 115
[27-Oct-2020 13:36:09 Europe/Ljubljana] PHP Warning:  Cannot modify header information - headers already sent by (output started at /home/atlet/www/moodle.piltek.com/lib/phpexcel/PHPExcel/Writer/Excel2007.php:394) in /home/atlet/www/moodle.piltek.com/lib/excellib.class.php on line 116
[27-Oct-2020 13:36:09 Europe/Ljubljana] PHP Warning:  Cannot modify header information - headers already sent by (output started at /home/atlet/www/moodle.piltek.com/lib/phpexcel/PHPExcel/Writer/Excel2007.php:394) in /home/atlet/www/moodle.piltek.com/lib/excellib.class.php on line 125
[27-Oct-2020 13:36:09 Europe/Ljubljana] PHP Warning:  Cannot modify header information - headers already sent by (output started at /home/atlet/www/moodle.piltek.com/lib/phpexcel/PHPExcel/Writer/Excel2007.php:394) in /home/atlet/www/moodle.piltek.com/lib/excellib.class.php on line 126
[27-Oct-2020 13:36:19 Europe/Ljubljana] PHP Warning:  Cannot modify header information - headers already sent by (output started at /home/atlet/www/moodle.piltek.com/lib/phpexcel/PHPExcel/Writer/Excel2007.php:394) in /home/atlet/www/moodle.piltek.com/lib/excellib.class.php on line 114
[27-Oct-2020 13:36:19 Europe/Ljubljana] PHP Warning:  Cannot modify header information - headers already sent by (output started at /home/atlet/www/moodle.piltek.com/lib/phpexcel/PHPExcel/Writer/Excel2007.php:394) in /home/atlet/www/moodle.piltek.com/lib/excellib.class.php on line 115
[27-Oct-2020 13:36:19 Europe/Ljubljana] PHP Warning:  Cannot modify header information - headers already sent by (output started at /home/atlet/www/moodle.piltek.com/lib/phpexcel/PHPExcel/Writer/Excel2007.php:394) in /home/atlet/www/moodle.piltek.com/lib/excellib.class.php on line 116
[27-Oct-2020 13:36:19 Europe/Ljubljana] PHP Warning:  Cannot modify header information - headers already sent by (output started at /home/atlet/www/moodle.piltek.com/lib/phpexcel/PHPExcel/Writer/Excel2007.php:394) in /home/atlet/www/moodle.piltek.com/lib/excellib.class.php on line 125
[27-Oct-2020 13:36:19 Europe/Ljubljana] PHP Warning:  Cannot modify header information - headers already sent by (output started at /home/atlet/www/moodle.piltek.com/lib/phpexcel/PHPExcel/Writer/Excel2007.php:394) in /home/atlet/www/moodle.piltek.com/lib/excellib.class.php on line 126
[27-Oct-2020 13:48:27 Europe/Ljubljana] PHP Warning:  Cannot modify header information - headers already sent by (output started at /home/atlet/www/moodle.piltek.com/lib/weblib.php:3237) in /home/atlet/www/moodle.piltek.com/lib/excellib.class.php on line 114
[27-Oct-2020 13:48:27 Europe/Ljubljana] PHP Warning:  Cannot modify header information - headers already sent by (output started at /home/atlet/www/moodle.piltek.com/lib/weblib.php:3237) in /home/atlet/www/moodle.piltek.com/lib/excellib.class.php on line 115
[27-Oct-2020 13:48:27 Europe/Ljubljana] PHP Warning:  Cannot modify header information - headers already sent by (output started at /home/atlet/www/moodle.piltek.com/lib/weblib.php:3237) in /home/atlet/www/moodle.piltek.com/lib/excellib.class.php on line 116
[27-Oct-2020 13:48:27 Europe/Ljubljana] PHP Warning:  Cannot modify header information - headers already sent by (output started at /home/atlet/www/moodle.piltek.com/lib/weblib.php:3237) in /home/atlet/www/moodle.piltek.com/lib/excellib.class.php on line 125
[27-Oct-2020 13:48:27 Europe/Ljubljana] PHP Warning:  Cannot modify header information - headers already sent by (output started at /home/atlet/www/moodle.piltek.com/lib/weblib.php:3237) in /home/atlet/www/moodle.piltek.com/lib/excellib.class.php on line 126
[27-Oct-2020 16:04:10 Europe/Ljubljana] PHP Warning:  Cannot modify header information - headers already sent by (output started at /home/atlet/www/moodle.piltek.com/lib/phpexcel/PHPExcel/Writer/Excel2007.php:394) in /home/atlet/www/moodle.piltek.com/lib/excellib.class.php on line 114
[27-Oct-2020 16:04:10 Europe/Ljubljana] PHP Warning:  Cannot modify header information - headers already sent by (output started at /home/atlet/www/moodle.piltek.com/lib/phpexcel/PHPExcel/Writer/Excel2007.php:394) in /home/atlet/www/moodle.piltek.com/lib/excellib.class.php on line 115
[27-Oct-2020 16:04:10 Europe/Ljubljana] PHP Warning:  Cannot modify header information - headers already sent by (output started at /home/atlet/www/moodle.piltek.com/lib/phpexcel/PHPExcel/Writer/Excel2007.php:394) in /home/atlet/www/moodle.piltek.com/lib/excellib.class.php on line 116
[27-Oct-2020 16:04:10 Europe/Ljubljana] PHP Warning:  Cannot modify header information - headers already sent by (output started at /home/atlet/www/moodle.piltek.com/lib/phpexcel/PHPExcel/Writer/Excel2007.php:394) in /home/atlet/www/moodle.piltek.com/lib/excellib.class.php on line 125
[27-Oct-2020 16:04:10 Europe/Ljubljana] PHP Warning:  Cannot modify header information - headers already sent by (output started at /home/atlet/www/moodle.piltek.com/lib/phpexcel/PHPExcel/Writer/Excel2007.php:394) in /home/atlet/www/moodle.piltek.com/lib/excellib.class.php on line 126
[27-Oct-2020 16:04:14 Europe/Ljubljana] PHP Warning:  Cannot modify header information - headers already sent by (output started at /home/atlet/www/moodle.piltek.com/lib/phpexcel/PHPExcel/Writer/Excel2007.php:394) in /home/atlet/www/moodle.piltek.com/lib/excellib.class.php on line 114
[27-Oct-2020 16:04:14 Europe/Ljubljana] PHP Warning:  Cannot modify header information - headers already sent by (output started at /home/atlet/www/moodle.piltek.com/lib/phpexcel/PHPExcel/Writer/Excel2007.php:394) in /home/atlet/www/moodle.piltek.com/lib/excellib.class.php on line 115
[27-Oct-2020 16:04:14 Europe/Ljubljana] PHP Warning:  Cannot modify header information - headers already sent by (output started at /home/atlet/www/moodle.piltek.com/lib/phpexcel/PHPExcel/Writer/Excel2007.php:394) in /home/atlet/www/moodle.piltek.com/lib/excellib.class.php on line 116
[27-Oct-2020 16:04:14 Europe/Ljubljana] PHP Warning:  Cannot modify header information - headers already sent by (output started at /home/atlet/www/moodle.piltek.com/lib/phpexcel/PHPExcel/Writer/Excel2007.php:394) in /home/atlet/www/moodle.piltek.com/lib/excellib.class.php on line 125
[27-Oct-2020 16:04:14 Europe/Ljubljana] PHP Warning:  Cannot modify header information - headers already sent by (output started at /home/atlet/www/moodle.piltek.com/lib/phpexcel/PHPExcel/Writer/Excel2007.php:394) in /home/atlet/www/moodle.piltek.com/lib/excellib.class.php on line 126
[28-Oct-2020 21:59:06 Europe/Ljubljana] Default exception handler: Exception - syntax error, unexpected ';', expecting ',' or ')' Debug: 
Error code: generalexceptionmessage
* line 210 of /mod/booking/classes/all_options.php: ParseError thrown
* line ? of unknownfile: call to core_component::classloader()
* line 303 of /mod/booking/view.php: call to spl_autoload_call()

[28-Oct-2020 22:08:33 Europe/Ljubljana] Default exception handler: Exception - syntax error, unexpected '}', expecting ';' Debug: 
Error code: generalexceptionmessage
* line 214 of /mod/booking/classes/all_options.php: ParseError thrown
* line ? of unknownfile: call to core_component::classloader()
* line 303 of /mod/booking/view.php: call to spl_autoload_call()

[28-Oct-2020 22:45:16 Europe/Ljubljana] Default exception handler: Exception - syntax error, unexpected '$importinfo' (T_VARIABLE) Debug: 
Error code: generalexceptionmessage
* line 453 of /mod/booking/classes/utils/csv_import.php: ParseError thrown
* line ? of unknownfile: call to core_component::classloader()
* line 55 of /mod/booking/importoptions.php: call to spl_autoload_call()

[02-Nov-2020 13:58:24 Europe/Ljubljana] Default exception handler: Exception - Class 'mod_booking\form\editdescription_form' not found Debug: 
Error code: generalexceptionmessage
* line 45 of /mod/booking/editdescription.php: Error thrown

[02-Nov-2020 14:05:02 Europe/Ljubljana] Default exception handler: Exception - Class 'mod_booking\form\editdescription_form' not found Debug: 
Error code: generalexceptionmessage
* line 45 of /mod/booking/editdescription.php: Error thrown

[02-Nov-2020 14:05:26 Europe/Ljubljana] PHP Warning:  Creating default object from empty value in /home/atlet/www/moodle.piltek.com/mod/booking/editdescription.php on line 47
[02-Nov-2020 14:05:49 Europe/Ljubljana] PHP Warning:  Creating default object from empty value in /home/atlet/www/moodle.piltek.com/mod/booking/editdescription.php on line 47
[02-Nov-2020 14:09:01 Europe/Ljubljana] Default exception handler: A required parameter (id) was missing Debug: 
Error code: missingparam
* line 494 of /lib/setuplib.php: moodle_exception thrown
* line 569 of /lib/moodlelib.php: call to print_error()
* line 21 of /mod/booking/editdescription.php: call to required_param()

[02-Nov-2020 14:09:24 Europe/Ljubljana] Default exception handler: A required parameter (id) was missing Debug: 
Error code: missingparam
* line 494 of /lib/setuplib.php: moodle_exception thrown
* line 569 of /lib/moodlelib.php: call to print_error()
* line 21 of /mod/booking/editdescription.php: call to required_param()

[02-Nov-2020 14:10:11 Europe/Ljubljana] Default exception handler: A required parameter (id) was missing Debug: 
Error code: missingparam
* line 494 of /lib/setuplib.php: moodle_exception thrown
* line 569 of /lib/moodlelib.php: call to print_error()
* line 21 of /mod/booking/editdescription.php: call to required_param()

[02-Nov-2020 14:13:37 Europe/Ljubljana] PHP Notice:  Undefined variable: nbooking in /home/atlet/www/moodle.piltek.com/mod/booking/editdescription.php on line 63
[02-Nov-2020 14:14:09 Europe/Ljubljana] Default exception handler: Can't find data record in database table booking_options. Debug: SELECT * FROM {booking_options} WHERE id = ?
[array (
  0 => 0,
)]
Error code: invalidrecord
* line 1546 of /lib/dml/moodle_database.php: dml_missing_record_exception thrown
* line 1522 of /lib/dml/moodle_database.php: call to moodle_database->get_record_select()
* line 120 of /mod/booking/classes/booking_option.php: call to moodle_database->get_record()
* line 163 of /mod/booking/report.php: call to mod_booking\booking_option->__construct()

